perp: -2.272727
perp: -2.276074
perp: -2.279432
perp: -2.282798
perp: -2.286175
perp: -2.289562
perp: -2.292959
perp: -2.296366
perp: -2.299783
perp: -2.303211
perp: -2.306648
perp: -2.310096
perp: -2.313555
perp: -2.317023
perp: -2.320502
perp: -2.323992
perp: -2.327492
perp: -2.331002
perp: -2.334523
perp: -2.338055
perp: -2.341598
perp: -2.345151
perp: -2.348715
perp: -2.352290
perp: -2.355876
perp: -2.359473
perp: -2.363080
perp: -2.366699
perp: -2.370329
perp: -2.373970
perp: -2.377622
perp: -2.381286
perp: -2.384961
perp: -2.388647
perp: -2.392344
perp: -2.396054
perp: -2.399774
perp: -2.403506
perp: -2.407250
perp: -2.411005
perp: -2.414773
perp: -2.418551
perp: -2.422342
perp: -2.426145
perp: -2.429960
perp: -2.433787
perp: -2.437625
perp: -2.441476
perp: -2.445339
perp: -2.449214
perp: -2.453103
perp: -2.457002
perp: -2.460915
perp: -2.464840
perp: -2.468777
perp: -2.472727
perp: -2.476690
perp: -2.480665
perp: -2.484654
perp: -2.488654
perp: -2.492668
perp: -2.496696
perp: -2.500735
perp: -2.504789
perp: -2.508855
perp: -2.512934
perp: -2.517027
perp: -2.521133
perp: -2.525253
perp: -2.529385
perp: -2.533532
perp: -2.537692
perp: -2.541866
perp: -2.546053
perp: -2.550255
perp: -2.554470
perp: -2.558700
perp: -2.562943
perp: -2.567200
perp: -2.571472
perp: -2.575757
perp: -2.580057
perp: -2.584372
perp: -2.588701
perp: -2.593045
perp: -2.597402
perp: -2.601775
perp: -2.606163
perp: -2.610565
perp: -2.614982
perp: -2.619414
perp: -2.623862
perp: -2.628324
perp: -2.632802
perp: -2.637295
perp: -2.641803
perp: -2.646326
perp: -2.650865
perp: -2.655420
perp: -2.659991
perp: -2.664577
perp: -2.669179
perp: -2.673797
perp: -2.678431
perp: -2.683081
perp: -2.687747
perp: -2.692430
perp: -2.697128
perp: -2.701844
perp: -2.706575
perp: -2.711324
perp: -2.716089
perp: -2.720870
perp: -2.725669
perp: -2.730485
perp: -2.735317
perp: -2.740167
perp: -2.745035
perp: -2.749919
perp: -2.754821
perp: -2.759740
perp: -2.764677
perp: -2.769632
perp: -2.774604
perp: -2.779595
perp: -2.784603
perp: -2.789629
perp: -2.794674
perp: -2.799736
perp: -2.804818
perp: -2.809917
perp: -2.815036
perp: -2.820173
perp: -2.825328
perp: -2.830503
perp: -2.835696
perp: -2.840909
perp: -2.846141
perp: -2.851392
perp: -2.856663
perp: -2.861953
perp: -2.867262
perp: -2.872592
perp: -2.877941
perp: -2.883311
perp: -2.888700
perp: -2.894109
perp: -2.899539
perp: -2.904990
perp: -2.910460
perp: -2.915952
perp: -2.921464
perp: -2.926997
perp: -2.932551
perp: -2.938126
perp: -2.943723
perp: -2.949341
perp: -2.954980
perp: -2.960641
perp: -2.966323
perp: -2.972028
perp: -2.977754
perp: -2.983503
perp: -2.989274
perp: -2.995067
perp: -3.000883
perp: -3.006721
perp: -3.012582
perp: -3.018466
perp: -3.024373
perp: -3.030303
perp: -3.036256
perp: -3.042233
perp: -3.048234
perp: -3.054258
perp: -3.060306
perp: -3.066378
perp: -3.072474
perp: -3.078595
perp: -3.084740
perp: -3.090909
perp: -3.097103
perp: -3.103322
perp: -3.109566
perp: -3.115836
perp: -3.122130
perp: -3.128450
perp: -3.134796
perp: -3.141168
perp: -3.147565
perp: -3.153989
perp: -3.160439
perp: -3.166915
perp: -3.173418
perp: -3.179947
perp: -3.186504
perp: -3.193088
perp: -3.199699
perp: -3.206337
perp: -3.213003
perp: -3.219697
perp: -3.226419
perp: -3.233168
perp: -3.239946
perp: -3.246753
perp: -3.253588
perp: -3.260453
perp: -3.267346
perp: -3.274268
perp: -3.281220
perp: -3.288201
perp: -3.295212
perp: -3.302253
perp: -3.309324
perp: -3.316426
perp: -3.323558
perp: -3.330721
perp: -3.337915
perp: -3.345140
perp: -3.352396
perp: -3.359684
perp: -3.367003
perp: -3.374355
perp: -3.381738
perp: -3.389154
perp: -3.396603
perp: -3.404085
perp: -3.411599
perp: -3.419147
perp: -3.426728
perp: -3.434343
perp: -3.441992
perp: -3.449676
perp: -3.457393
perp: -3.465145
perp: -3.472931
perp: -3.480753
perp: -3.488611
perp: -3.496504
perp: 3.500000
perp: 3.500000
perp: 3.500000
perp: 3.500000
perp: 3.500000
perp: 3.500000
perp: 3.500000
perp: 3.500000
perp: 3.500000
perp: 3.500000
perp: 3.500000
perp: 3.500000
perp: 3.500000
perp: 3.500000
perp: 3.500000
perp: 3.500000
perp: 3.500000
perp: 3.500000
perp: 3.500000
perp: 3.500000
perp: 3.500000
perp: 3.500000
perp: 3.500000
perp: 3.500000
perp: 3.500000
perp: 3.500000
perp: 3.500000
perp: 3.500000
perp: 3.500000
perp: 3.500000
perp: 3.500000
perp: 3.500000
perp: 3.500000
perp: 3.500000
perp: 3.500000
perp: 3.500000
perp: 3.500000
perp: 3.500000
perp: 3.500000
perp: 3.500000
perp: 3.500000
perp: 3.500000
perp: 3.500000
perp: 3.500000
perp: 3.500000
perp: 3.500000
perp: 3.500000
perp: 3.500000
perp: 3.500000
perp: 3.500000
perp: 3.500000
perp: 3.500000
perp: 3.500000
perp: 3.500000
perp: 3.500000
perp: 3.500000
perp: 3.500000
perp: 3.500000
perp: 3.500000
perp: 3.500000
perp: 3.500000
perp: 3.500000
perp: 3.500000
perp: 3.500000
perp: 3.500000
perp: 3.500000
perp: 3.500000
perp: 3.500000
perp: 3.500000
perp: 3.500000
perp: 3.500000
perp: 3.500000
perp: 3.500000
perp: 3.500000
perp: 3.500000
perp: 3.500000
perp: 3.500000
perp: 3.500000
perp: 3.500000
perp: 3.500000
perp: 3.500000
perp: 3.500000
perp: 3.500000
perp: 3.500000
perp: 3.500000
perp: 3.500000
perp: 3.500000
perp: 3.500000
perp: 3.500000
perp: 3.500000
perp: 3.500000
perp: 3.500000
perp: 3.500000
perp: 3.500000
perp: 3.500000
perp: 3.500000
perp: 3.500000
perp: 3.500000
perp: 3.500000
perp: 3.500000
perp: 3.500000
perp: 3.500000
perp: 3.500000
perp: 3.500000
perp: 3.500000
perp: 3.500000
perp: 3.500000
perp: 3.500000
perp: 3.500000
perp: 3.500000
perp: 3.500000
perp: 3.500000
perp: 3.500000
perp: 3.500000
perp: 3.500000
perp: 3.500000
perp: 3.500000
perp: 3.500000
perp: 3.500000
perp: 3.500000
perp: 3.500000
perp: 3.500000
perp: 3.500000
perp: 3.500000
perp: 3.500000
perp: 3.500000
perp: 3.500000
perp: 3.500000
perp: 3.500000
perp: 3.500000
perp: 3.500000
perp: 3.500000
perp: 3.500000
perp: 3.500000
perp: 3.500000
perp: 3.500000
perp: 3.500000
perp: 3.500000
perp: 3.500000
perp: 3.500000
perp: 3.500000
perp: 3.500000
perp: 3.500000
perp: 3.500000
perp: 3.500000
perp: 3.500000
perp: 3.500000
perp: 3.500000
perp: 3.500000
perp: 3.500000
perp: 3.500000
perp: 3.500000
perp: 3.500000
perp: 3.500000
perp: 3.500000
perp: 3.500000
perp: 3.500000
perp: 3.500000
perp: 3.500000
perp: 3.500000
perp: 3.500000
perp: 3.500000
perp: 3.500000
perp: 3.500000
perp: 3.500000
perp: 3.500000
perp: 3.500000
perp: 3.500000
perp: 3.500000
perp: 3.500000
perp: 3.500000
perp: 3.500000
perp: 3.500000
perp: 3.500000
perp: 3.500000
perp: 3.500000
perp: 3.500000
perp: 3.500000
perp: 3.500000
perp: 3.500000
perp: 3.500000
perp: 3.500000
perp: 3.500000
perp: 3.500000
perp: 3.500000
perp: 3.500000
perp: 3.500000
perp: 3.500000
perp: 3.500000
perp: 3.500000
perp: 3.500000
perp: 3.500000
perp: 3.500000
perp: 3.500000
perp: 3.500000
perp: 3.500000
perp: 3.500000
perp: 3.500000
perp: 3.500000
perp: 3.500000
perp: 3.500000
perp: 3.500000
perp: 3.500000
perp: 3.500000
perp: 3.500000
perp: 3.500000
perp: 3.500000
perp: 3.500000
perp: 3.500000
perp: 3.500000
perp: 3.500000
perp: 3.500000
perp: 3.500000
perp: 3.500000
perp: 3.500000
perp: 3.500000
perp: 3.500000
perp: 3.500000
perp: 3.500000
perp: 3.500000
perp: 3.500000
perp: 3.500000
perp: 3.500000
perp: 3.500000
perp: 3.500000
perp: 3.500000
perp: 3.500000
perp: 3.500000
perp: 3.500000
perp: 3.500000
perp: 3.500000
perp: 3.500000
perp: 3.500000
perp: 3.500000
perp: 3.500000
perp: 3.500000
perp: 3.500000
perp: 3.500000
perp: 3.500000
perp: 3.500000
perp: 3.500000
perp: 3.500000
perp: 3.500000
perp: 3.500000
perp: 3.500000
perp: 3.500000
perp: 3.500000
perp: 3.500000
perp: 3.500000
perp: 3.500000
perp: 3.500000
perp: 3.500000
perp: 3.500000
perp: 3.500000
perp: 3.500000
perp: 3.500000
perp: 3.500000
perp: 3.500000
perp: 3.500000
perp: 3.500000
perp: 3.500000
perp: 3.500000
perp: 3.500000
perp: 3.500000
perp: 3.500000
perp: 3.500000
perp: 3.500000
perp: 3.500000
perp: 3.500000
perp: 3.500000
perp: 3.500000
perp: 3.500000
perp: 3.500000
perp: 3.500000
perp: 3.500000
perp: 3.500000
perp: 3.500000
perp: 3.500000
perp: 3.500000
perp: 3.500000
perp: 3.500000
perp: 3.500000
perp: 3.500000
perp: 3.500000
perp: 3.500000
perp: 3.500000
perp: 3.500000
perp: 3.500000
perp: 3.500000
perp: 3.500000
perp: 3.500000
perp: 3.500000
perp: 3.500000
perp: 3.500000
perp: 3.500000
perp: 3.500000
perp: 3.500000
perp: 3.500000
perp: 3.500000
perp: 3.500000
perp: 3.500000
perp: 3.500000
perp: 3.500000
perp: 3.500000
perp: 3.500000
perp: 3.500000
perp: 3.500000
perp: 3.500000
perp: 3.500000
perp: 3.500000
perp: 3.500000
perp: 3.500000
perp: 3.500000
perp: 3.500000
perp: 3.500000
perp: 3.500000
perp: 3.500000
perp: 3.500000
perp: 3.500000
perp: 3.500000
perp: 3.500000
perp: 3.500000
perp: 3.500000
perp: 3.500000
perp: 3.500000
perp: 3.500000
perp: 3.500000
perp: 3.500000
perp: 3.500000
perp: 3.500000
perp: 3.500000
perp: 3.500000
perp: 3.500000
perp: 3.500000
perp: 3.500000
perp: 3.500000
perp: 3.500000
perp: 3.500000
perp: 3.500000
perp: 3.500000
perp: 3.500000
perp: 3.500000
perp: 3.500000
perp: 3.500000
perp: 3.500000
perp: 3.500000
perp: 3.500000
perp: 3.500000
perp: 3.500000
perp: 3.500000
perp: 3.500000
perp: 3.500000
perp: 3.500000
perp: 3.500000
perp: 3.500000
perp: 3.500000
perp: 3.500000
perp: 3.500000
perp: 3.500000
perp: 3.500000
perp: 3.500000
perp: 3.500000
perp: 3.500000
perp: 3.500000
perp: 3.500000
perp: 3.500000
perp: 3.500000
perp: 3.500000
perp: 3.500000
perp: 3.500000
perp: 3.500000
perp: 3.500000
perp: 3.500000
perp: 3.500000
perp: 3.500000
perp: 3.500000
perp: 3.500000
perp: 3.500000
perp: 3.500000
perp: 3.500000
perp: 3.500000
perp: 3.500000
perp: 3.500000
perp: 3.500000
perp: 3.500000
perp: 3.500000
perp: 3.500000
perp: 3.500000
perp: 3.500000
perp: 3.500000
perp: 3.500000
perp: 3.500000
perp: 3.500000
perp: 3.500000
perp: 3.500000
perp: 3.500000
perp: 3.500000
perp: 3.500000
perp: 3.500000
perp: 3.500000
perp: 3.500000
perp: 3.500000
perp: 3.500000
perp: 3.500000
perp: 3.500000
perp: 3.500000
perp: 3.500000
perp: 3.500000
perp: 3.500000
perp: 3.500000
perp: 3.500000
perp: 3.500000
perp: 3.500000
perp: 3.500000
perp: 3.500000
perp: 3.500000
perp: 3.500000
perp: 3.500000
perp: 3.500000
perp: 3.500000
perp: 3.500000
perp: 3.500000
perp: 3.500000
perp: 3.500000
perp: 3.500000
perp: 3.500000
perp: 3.500000
perp: 3.500000
perp: 3.500000
perp: 3.500000
perp: 3.500000
perp: 3.500000
perp: 3.500000
perp: 3.500000
perp: 3.500000
perp: 3.500000
perp: 3.500000
perp: 3.500000
perp: 3.500000
perp: 3.500000
perp: 3.500000
perp: inf
perp: 515.159363
perp: 257.569244
perp: 171.715149
perp: 128.787231
perp: 103.030205
perp: 85.858734
perp: 73.593346
perp: 64.393616
perp: 57.238895
perp: 51.515102
perp: 46.831982
perp: 42.929367
perp: 39.626900
perp: 36.796459
perp: 34.343399
perp: 32.196968
perp: 30.303059
perp: 28.619448
perp: 27.113186
perp: 25.757551
perp: 24.531019
perp: 23.415991
perp: 22.397917
perp: 21.464611
perp: 20.606039
perp: 19.813513
perp: 19.079689
perp: 18.398281
perp: 17.763817
perp: 17.171700
perp: 16.617783
perp: 16.098484
perp: 15.610659
perp: 15.151493
perp: 14.718600
perp: 14.309756
perp: 13.923013
perp: 13.556623
perp: 13.208995
perp: 12.878776
perp: 12.564663
perp: 12.265510
perp: 11.980269
perp: 11.707995
perp: 11.447800
perp: 11.198939
perp: 10.960667
perp: 10.732324
perp: 10.513300
perp: 10.303020
perp: 10.101004
perp: 9.906756
perp: 9.719839
perp: 9.539845
perp: 9.366383
perp: 9.199127
perp: 9.037742
perp: 8.881922
perp: 8.731382
perp: 8.585862
perp: 8.445101
perp: 8.308891
perp: 8.177007
perp: 8.049242
perp: 7.925410
perp: 7.805320
perp: 7.688825
perp: 7.575755
perp: 7.465963
perp: 7.359308
perp: 7.255649
perp: 7.154878
perp: 7.056868
perp: 6.961506
perp: 6.868688
perp: 6.778312
perp: 6.690276
perp: 6.604504
perp: 6.520905
perp: 6.439394
perp: 6.359897
perp: 6.282331
perp: 6.206642
perp: 6.132755
perp: 6.060606
perp: 5.990135
perp: 5.921278
perp: 5.853992
perp: 5.788218
perp: 5.723906
perp: 5.661006
perp: 5.599470
perp: 5.539261
perp: 5.480333
perp: 5.422647
perp: 5.366162
perp: 5.310842
perp: 5.256645
perp: 5.203549
perp: 5.151514
perp: 5.100510
perp: 5.050506
perp: 5.001469
perp: 4.953378
perp: 4.906204
perp: 4.859920
perp: 4.814500
perp: 4.769919
perp: 4.726159
perp: 4.683194
perp: 4.641004
perp: 4.599567
perp: 4.558864
perp: 4.518871
perp: 4.479577
perp: 4.440961
perp: 4.403004
perp: 4.365691
perp: 4.329002
perp: 4.292928
perp: 4.257450
perp: 4.222553
perp: 4.188224
perp: 4.154446
perp: 4.121211
perp: 4.088503
perp: 4.056311
perp: 4.024621
perp: 3.993423
perp: 3.962702
perp: 3.932453
perp: 3.902663
perp: 3.873320
perp: 3.844415
perp: 3.815936
perp: 3.787878
perp: 3.760229
perp: 3.732982
perp: 3.706126
perp: 3.679652
perp: 3.653556
perp: 3.627827
perp: 3.602458
perp: 3.577441
perp: 3.552769
perp: 3.528434
perp: 3.504431
perp: 3.480753
perp: 3.457393
perp: 3.434344
perp: 3.411598
perp: 3.389154
perp: 3.367003
perp: 3.345140
perp: 3.323558
perp: 3.302252
perp: 3.281219
perp: 3.260452
perp: 3.239946
perp: 3.219697
perp: 3.199697
perp: 3.179947
perp: 3.160438
perp: 3.141167
perp: 3.122130
perp: 3.103323
perp: 3.084738
perp: 3.066377
perp: 3.048234
perp: 3.030303
perp: 3.012582
perp: 2.995066
perp: 2.977754
perp: 2.960640
perp: 2.943723
perp: 2.926997
perp: 2.910460
perp: 2.894109
perp: 2.877941
perp: 2.861953
perp: 2.846141
perp: 2.830503
perp: 2.815035
perp: 2.799736
perp: 2.784602
perp: 2.769632
perp: 2.754821
perp: 2.740167
perp: 2.725669
perp: 2.711323
perp: 2.697128
perp: 2.683081
perp: 2.669178
perp: 2.655420
perp: 2.641802
perp: 2.628324
perp: 2.614982
perp: 2.601775
perp: 2.588701
perp: 2.575757
perp: 2.562943
perp: 2.550255
perp: 2.537692
perp: 2.525252
perp: 2.512934
perp: 2.500735
perp: 2.488655
perp: 2.476690
perp: 2.464839
perp: 2.453102
perp: 2.441476
perp: 2.429960
perp: 2.418552
perp: 2.407250
perp: 2.396053
perp: 2.384960
perp: 2.373970
perp: 2.363080
perp: 2.352290
perp: 2.341597
perp: 2.331002
perp: 2.320502
perp: 2.310097
perp: 2.299784
perp: 2.289562
perp: 2.279431
perp: 2.269390
perp: 2.259436
perp: 2.249570
perp: 2.239789
perp: 2.230093
perp: 2.220480
perp: 2.210950
perp: 2.201502
perp: 2.192134
perp: 2.182845
perp: 2.173635
perp: 2.164502
perp: 2.155446
perp: 2.146465
perp: 2.137558
perp: 2.128725
perp: 2.119965
perp: 2.111277
perp: 2.102659
perp: 2.094111
perp: 2.085633
perp: 2.077224
perp: 2.068881
perp: 2.060606
perp: 2.052397
perp: 2.044252
perp: 2.036172
perp: 2.028155
perp: 2.020202
perp: 2.012311
perp: 2.004480
perp: 1.996711
perp: 1.989002
perp: 1.981352
perp: 1.973761
perp: 1.966227
perp: 1.958751
perp: 1.951331
perp: 1.943968
perp: 1.936660
perp: 1.929407
perp: 1.922207
perp: 1.915061
perp: 1.907968
perp: 1.900928
perp: 1.893939
perp: 1.887001
perp: 1.880115
perp: 1.873278
perp: 1.866491
perp: 1.859753
perp: 1.853063
perp: 1.846421
perp: 1.839827
perp: 1.833279
perp: 1.826778
perp: 1.820323
perp: 1.813913
perp: 1.807549
perp: 1.801229
perp: 1.794953
perp: 1.788721
perp: 1.782531
perp: 1.776384
perp: 1.770280
perp: 1.764217
perp: 1.758196
perp: 1.752216
perp: 1.746276
perp: 1.740377
perp: 1.734517
perp: 1.728696
perp: 1.722914
perp: 1.717171
perp: 1.711467
perp: 1.705800
perp: 1.700170
perp: 1.694577
perp: 1.689021
perp: 1.683501
perp: 1.678018
perp: 1.672570
perp: 1.667157
perp: 1.661779
perp: 1.656435
perp: 1.651126
perp: 1.645851
perp: 1.640610
perp: 1.635401
perp: 1.630226
perp: 1.625084
perp: 1.619973
perp: 1.614895
perp: 1.609848
perp: 1.604833
perp: 1.599849
perp: 1.594896
perp: 1.589974
perp: 1.585082
perp: 1.580219
perp: 1.575387
perp: 1.570584
perp: 1.565810
perp: 1.561065
perp: 1.556349
perp: 1.551661
perp: 1.547001
perp: 1.542370
perp: 1.537766
perp: 1.533189
perp: 1.528639
perp: 1.524117
perp: 1.519621
perp: 1.515152
perp: 1.510708
perp: 1.506291
perp: 1.501899
perp: 1.497533
perp: 1.493193
perp: 1.488877
perp: 1.484586
perp: 1.480320
perp: 1.476079
perp: 1.471861
perp: 1.467668
perp: 1.463498
perp: 1.459352
perp: 1.455230
perp: 1.451131
perp: 1.447055
perp: 1.443001
perp: 1.438970
perp: 1.434962
perp: 1.430976
perp: 1.427012
perp: 1.423071
perp: 1.419150
perp: 1.415251
perp: 1.411374
perp: 1.407518
perp: 1.403683
perp: 1.399868
perp: 1.396074
perp: 1.392301
perp: 1.388548
perp: 1.384816
perp: 1.381103
perp: 1.377410
perp: 1.373737
perp: 1.370084
perp: 1.366450
perp: 1.362835
perp: 1.359239
perp: 1.355662
perp: 1.352104
perp: 1.348564
perp: 1.345043
perp: 1.341540
perp: 1.338056
perp: 1.334589
perp: 1.331141
perp: 1.327710
perp: 1.324297
perp: 1.320901
perp: 1.317523
perp: 1.314162
perp: 1.310818
perp: 1.307491
perp: 1.304181
perp: 1.300888
perp: 1.297611
perp: 1.294351
perp: 1.291107
perp: 1.287879
perp: 1.284667
perp: 1.281471
perp: 1.278292
perp: 1.275128
perp: 1.271979
perp: 1.268846
perp: 1.265728
perp: 1.262626
perp: 1.259539
perp: 1.256467
perp: 1.253410
perp: 1.250368
perp: 1.247340
perp: 1.244327
perp: 1.241329
perp: 1.238345
perp: 1.235375
perp: 1.232420
perp: 1.229478
perp: 1.226551
perp: 1.223638
perp: 1.220738
perp: 1.217852
perp: 1.214980
perp: 1.212121
perp: 1.209276
perp: 1.206444
perp: 1.203625
perp: 1.200819
perp: 1.198027
perp: 1.195247
perp: 1.192480
perp: 1.189726
perp: 1.186985
perp: 1.184256
perp: 1.181540
perp: 1.178836
perp: 1.176145
perp: 1.173466
perp: 1.170799
perp: 1.168144
perp: 1.165501
perp: 1.162870
perp: 1.160251
perp: 1.157644
perp: 1.155048
perp: 1.152464
perp: 1.149892
perp: 1.147331
perp: 1.144781
perp: 1.142243
perp: 1.139716
perp: 1.137200
perp: 1.134695
perp: 1.132201
perp: 1.129718
perp: 1.127246
perp: 1.124785
perp: 1.122334
perp: 1.119895
perp: 1.117465
perp: 1.115047
perp: 1.112638
perp: 1.110240
perp: 1.107853
perp: 1.105475
perp: 1.103108
perp: 1.100751
perp: 1.098404
perp: 1.096067
perp: 1.093740
perp: 1.091423
perp: 1.089115
perp: 1.086817
perp: 1.084529
perp: 1.082251
perp: 1.079982
perp: 1.077723
perp: 1.075473
perp: 1.073232
perp: 1.071001
perp: 1.068779
perp: 1.066566
perp: 1.064363
perp: 1.062168
perp: 1.059982
perp: 1.057806
perp: 1.055638
perp: 1.053480
perp: 1.051329
perp: 1.049188
perp: 1.047056
perp: 1.044932
perp: 1.042817
perp: 1.040710
perp: 1.038612
perp: 1.036522
perp: 1.034441
perp: 1.032368
perp: 1.030303
perp: 1.028246
perp: 1.026198
perp: 1.024158
perp: 1.022126
perp: 1.020102
perp: 1.018086
perp: 1.016078
perp: 1.014078
perp: 1.012085
perp: 1.010101
perp: 1.008124
perp: 1.006155
perp: 1.004194
perp: 1.002240
perp: 1.000294
perp: 0.998356
perp: 0.996424
perp: 0.994501
perp: 0.992585
perp: 0.990676
perp: 0.988774
perp: 0.986880
perp: 0.984993
perp: 0.983114
perp: 0.981241
perp: 0.979375
perp: 0.977517
perp: 0.975666
perp: 0.973821
perp: 0.971984
perp: 0.970154
perp: 0.968330
perp: 0.966513
perp: 0.964703
perp: 0.962900
perp: 0.961104
perp: 0.959314
perp: 0.957530
perp: 0.955754
perp: 0.953984
perp: 0.952221
perp: 0.950464
perp: 0.948713
perp: 0.946970
perp: 0.945232
perp: 0.943501
perp: 0.941776
perp: 0.940058
perp: 0.938345
perp: 0.936639
perp: 0.934939
perp: 0.933245
perp: 0.931558
perp: 0.929876
perp: 0.928201
perp: 0.926531
perp: 0.924868
perp: 0.923211
perp: 0.921559
perp: 0.919913
perp: 0.918274
perp: 0.916640
perp: 0.915012
perp: 0.913389
perp: 0.911772
perp: 0.910162
perp: 0.908556
perp: 0.906957
perp: 0.905363
perp: 0.903774
perp: 0.902192
perp: 0.900615
perp: 0.899043
perp: 0.897476
perp: 0.895916
perp: 0.894360
perp: 0.892810
perp: 0.891266
perp: 0.889726
perp: 0.888192
perp: 0.886663
perp: 0.885140
perp: 0.883622
perp: 0.882109
perp: 0.880601
perp: 0.879098
perp: 0.877600
perp: 0.876108
perp: 0.874621
perp: 0.873138
perp: 0.871661
perp: 0.870188
perp: 0.868721
perp: 0.867258
perp: 0.865801
perp: 0.864348
perp: 0.862900
perp: 0.861457
perp: 0.860019
perp: 0.858586
perp: 0.857157
perp: 0.855733
perp: 0.854314
perp: 0.852900
perp: 0.851490
perp: 0.850085
perp: 0.848684
perp: 0.847289
perp: 0.845897
perp: 0.844511
perp: 0.843128
perp: 0.841751
perp: 0.840378
perp: 0.839009
perp: 0.837645
perp: 0.836285
perp: 0.834930
perp: 0.833578
perp: 0.832232
perp: 0.830890
perp: 0.829552
perp: 0.828218
perp: 0.826888
perp: 0.825563
perp: 0.824242
perp: 0.822926
perp: 0.821613
perp: 0.820305
perp: 0.819001
perp: 0.817701
perp: 0.816405
perp: 0.815113
perp: 0.813825
perp: 0.812542
perp: 0.811262
perp: 0.809987
perp: 0.808715
perp: 0.807447
perp: 0.806184
perp: 0.804924
perp: 0.803668
perp: 0.802417
perp: 0.801169
perp: 0.799925
perp: 0.798684
perp: 0.797448
perp: 0.796216
perp: 0.794987
perp: 0.793762
perp: 0.792541
perp: 0.791323
perp: 0.790110
perp: 0.788900
perp: 0.787693
perp: 0.786491
perp: 0.785292
perp: 0.784097
perp: 0.782905
perp: 0.781717
perp: 0.780532
perp: 0.779352
perp: 0.778174
perp: 0.777001
perp: 0.775831
perp: 0.774664
perp: 0.773501
perp: 0.772341
perp: 0.771185
perp: 0.770032
perp: 0.768883
perp: 0.767737
perp: 0.766594
perp: 0.765455
perp: 0.764320
perp: 0.763187
perp: 0.762058
perp: 0.760933
perp: 0.759810
perp: 0.758691
